2018-05-25 01:29:51 INFO  Car - Speed:   0.0; Angle:   0.0; Position:   2,3; Key:  4; Health: 100.0; Tile: START
2018-05-25 01:29:52 INFO  Car - Speed:   0.0; Angle:   0.0; Position:   2,3; Key:  4; Health: 100.0; Tile: START
2018-05-25 01:29:52 INFO  Car - Speed:   0.1; Angle: 356.7; Position:   2,3; Key:  4; Health: 100.0; Tile: START
2018-05-25 01:29:52 INFO  Car - Speed:   0.1; Angle:   0.0; Position:   2,3; Key:  4; Health: 100.0; Tile: START
2018-05-25 01:29:52 INFO  Car - Speed:   0.1; Angle: 356.7; Position:   2,3; Key:  4; Health: 100.0; Tile: START
2018-05-25 01:29:52 INFO  Car - Speed:   0.2; Angle:   0.0; Position:   2,3; Key:  4; Health: 100.0; Tile: START
2018-05-25 01:29:52 INFO  Car - Speed:   0.2; Angle: 356.7; Position:   2,3; Key:  4; Health: 100.0; Tile: START
2018-05-25 01:29:52 INFO  Car - Speed:   0.2; Angle:   0.0; Position:   2,3; Key:  4; Health: 100.0; Tile: START
2018-05-25 01:29:52 INFO  Car - Speed:   0.3; Angle: 356.7; Position:   2,3; Key:  4; Health: 100.0; Tile: START
2018-05-25 01:29:52 INFO  Car - Speed:   0.3; Angle:   0.0; Position:   2,3; Key:  4; Health: 100.0; Tile: START
2018-05-25 01:29:52 INFO  Car - Speed:   0.3; Angle: 356.7; Position:   2,3; Key:  4; Health: 100.0; Tile: START
2018-05-25 01:29:52 INFO  Car - Speed:   0.4; Angle:   0.0; Position:   2,3; Key:  4; Health: 100.0; Tile: START
2018-05-25 01:29:52 INFO  Car - Speed:   0.4; Angle: 356.7; Position:   2,3; Key:  4; Health: 100.0; Tile: START
2018-05-25 01:29:52 INFO  Car - Speed:   0.4; Angle:   0.0; Position:   2,3; Key:  4; Health: 100.0; Tile: START
2018-05-25 01:29:52 INFO  Car - Speed:   0.5; Angle: 356.7; Position:   2,3; Key:  4; Health: 100.0; Tile: START
2018-05-25 01:29:52 INFO  Car - Speed:   0.5; Angle:   0.0; Position:   2,3; Key:  4; Health: 100.0; Tile: START
2018-05-25 01:29:52 INFO  Car - Speed:   0.5; Angle: 356.7; Position:   2,3; Key:  4; Health: 100.0; Tile: START
2018-05-25 01:29:52 INFO  Car - Speed:   0.6; Angle:   0.0; Position:   2,3; Key:  4; Health: 100.0; Tile: START
2018-05-25 01:29:52 INFO  Car - Speed:   0.6; Angle: 356.7; Position:   2,3; Key:  4; Health: 100.0; Tile: START
2018-05-25 01:29:52 INFO  Car - Speed:   0.6; Angle:   0.0; Position:   2,3; Key:  4; Health: 100.0; Tile: START
2018-05-25 01:29:52 INFO  Car - Speed:   0.7; Angle: 356.7; Position:   2,3; Key:  4; Health: 100.0; Tile: START
2018-05-25 01:29:52 INFO  Car - Speed:   0.7; Angle:   0.0; Position:   2,3; Key:  4; Health: 100.0; Tile: START
2018-05-25 01:29:52 INFO  Car - Speed:   0.7; Angle: 356.7; Position:   2,3; Key:  4; Health: 100.0; Tile: START
2018-05-25 01:29:52 INFO  Car - Speed:   0.8; Angle:   0.0; Position:   2,3; Key:  4; Health: 100.0; Tile: START
2018-05-25 01:29:52 INFO  Car - Speed:   0.8; Angle: 356.7; Position:   2,3; Key:  4; Health: 100.0; Tile: START
2018-05-25 01:29:52 INFO  Car - Speed:   0.8; Angle:   0.0; Position:   2,3; Key:  4; Health: 100.0; Tile: START
2018-05-25 01:29:52 INFO  Car - Speed:   0.9; Angle: 356.7; Position:   2,3; Key:  4; Health: 100.0; Tile: START
2018-05-25 01:29:52 INFO  Car - Speed:   0.9; Angle:   0.0; Position:   2,3; Key:  4; Health: 100.0; Tile: START
2018-05-25 01:29:52 INFO  Car - Speed:   0.9; Angle: 356.7; Position:   2,3; Key:  4; Health: 100.0; Tile: START
2018-05-25 01:29:52 INFO  Car - Speed:   1.0; Angle:   0.0; Position:   2,3; Key:  4; Health: 100.0; Tile: START
2018-05-25 01:29:52 INFO  Car - Speed:   1.0; Angle: 356.7; Position:   2,3; Key:  4; Health: 100.0; Tile: START
2018-05-25 01:29:52 INFO  Car - Speed:   1.0; Angle:   0.0; Position:   2,3; Key:  4; Health: 100.0; Tile: START
2018-05-25 01:29:52 INFO  Car - Speed:   1.1; Angle: 356.7; Position:   2,3; Key:  4; Health: 100.0; Tile: START
2018-05-25 01:29:52 INFO  Car - Speed:   1.1; Angle:   0.0; Position:   2,3; Key:  4; Health: 100.0; Tile: START
2018-05-25 01:29:52 INFO  Car - Speed:   1.1; Angle: 356.7; Position:   2,3; Key:  4; Health: 100.0; Tile: START
2018-05-25 01:29:52 INFO  Car - Speed:   1.2; Angle:   0.0; Position:   2,3; Key:  4; Health: 100.0; Tile: START
2018-05-25 01:29:52 INFO  Car - Speed:   1.2; Angle: 356.7; Position:   3,3; Key:  4; Health: 100.0; Tile: ROAD
2018-05-25 01:29:52 INFO  Car - Speed:   1.2; Angle:   0.0; Position:   3,3; Key:  4; Health: 100.0; Tile: ROAD
2018-05-25 01:29:52 INFO  Car - Speed:   1.3; Angle: 356.7; Position:   3,3; Key:  4; Health: 100.0; Tile: ROAD
2018-05-25 01:29:52 INFO  Car - Speed:   1.3; Angle:   0.0; Position:   3,3; Key:  4; Health: 100.0; Tile: ROAD
2018-05-25 01:29:52 INFO  Car - Speed:   1.3; Angle: 356.7; Position:   3,3; Key:  4; Health: 100.0; Tile: ROAD
2018-05-25 01:29:52 INFO  Car - Speed:   1.4; Angle:   0.0; Position:   3,3; Key:  4; Health: 100.0; Tile: ROAD
2018-05-25 01:29:52 INFO  Car - Speed:   1.4; Angle: 356.7; Position:   3,3; Key:  4; Health: 100.0; Tile: ROAD
2018-05-25 01:29:52 INFO  Car - Speed:   1.4; Angle:   0.0; Position:   3,3; Key:  4; Health: 100.0; Tile: ROAD
2018-05-25 01:29:52 INFO  Car - Speed:   1.5; Angle: 356.7; Position:   3,3; Key:  4; Health: 100.0; Tile: ROAD
2018-05-25 01:29:52 INFO  Car - Speed:   1.5; Angle:   0.0; Position:   3,3; Key:  4; Health: 100.0; Tile: ROAD
2018-05-25 01:29:53 INFO  Car - Speed:   1.5; Angle: 356.7; Position:   3,3; Key:  4; Health: 100.0; Tile: ROAD
2018-05-25 01:29:53 INFO  Car - Speed:   1.6; Angle:   0.0; Position:   3,3; Key:  4; Health: 100.0; Tile: ROAD
2018-05-25 01:29:53 INFO  Car - Speed:   1.6; Angle: 356.7; Position:   3,3; Key:  4; Health: 100.0; Tile: ROAD
2018-05-25 01:29:53 INFO  Car - Speed:   1.6; Angle:   0.0; Position:   3,3; Key:  4; Health: 100.0; Tile: ROAD
2018-05-25 01:29:53 INFO  Car - Speed:   1.7; Angle: 356.7; Position:   3,3; Key:  4; Health: 100.0; Tile: ROAD
2018-05-25 01:29:53 INFO  Car - Speed:   1.7; Angle:   0.0; Position:   3,3; Key:  4; Health: 100.0; Tile: ROAD
2018-05-25 01:29:53 INFO  Car - Speed:   1.7; Angle: 356.7; Position:   3,3; Key:  4; Health: 100.0; Tile: ROAD
2018-05-25 01:29:53 INFO  Car - Speed:   1.8; Angle:   0.0; Position:   3,3; Key:  4; Health: 100.0; Tile: ROAD
2018-05-25 01:29:53 INFO  Car - Speed:   1.8; Angle: 356.7; Position:   3,3; Key:  4; Health: 100.0; Tile: ROAD
2018-05-25 01:29:53 INFO  Car - Speed:   1.8; Angle:   0.0; Position:   3,3; Key:  4; Health: 100.0; Tile: ROAD
2018-05-25 01:29:53 INFO  Car - Speed:   1.9; Angle: 356.7; Position:   3,3; Key:  4; Health: 100.0; Tile: ROAD
2018-05-25 01:29:53 INFO  Car - Speed:   1.9; Angle:   0.0; Position:   3,3; Key:  4; Health: 100.0; Tile: ROAD
2018-05-25 01:29:53 INFO  Car - Speed:   1.9; Angle: 356.7; Position:   3,3; Key:  4; Health: 100.0; Tile: ROAD
2018-05-25 01:29:53 INFO  Car - Speed:   2.0; Angle:   0.0; Position:   3,3; Key:  4; Health: 100.0; Tile: ROAD
2018-05-25 01:29:53 INFO  Car - Speed:   2.0; Angle: 356.7; Position:   3,3; Key:  4; Health: 100.0; Tile: ROAD
2018-05-25 01:29:53 INFO  Car - Speed:   2.0; Angle:   0.0; Position:   3,3; Key:  4; Health: 100.0; Tile: ROAD
2018-05-25 01:29:53 INFO  Car - Speed:   2.1; Angle: 356.7; Position:   3,3; Key:  4; Health: 100.0; Tile: ROAD
2018-05-25 01:29:53 INFO  Car - Speed:   2.1; Angle:   0.0; Position:   4,3; Key:  4; Health: 100.0; Tile: ROAD
2018-05-25 01:29:53 INFO  Car - Speed:   2.1; Angle: 356.7; Position:   4,3; Key:  4; Health: 100.0; Tile: ROAD
2018-05-25 01:29:53 INFO  Car - Speed:   2.2; Angle:   0.0; Position:   4,3; Key:  4; Health: 100.0; Tile: ROAD
2018-05-25 01:29:53 INFO  Car - Speed:   2.2; Angle: 356.7; Position:   4,3; Key:  4; Health: 100.0; Tile: ROAD
2018-05-25 01:29:53 INFO  Car - Speed:   2.2; Angle:   0.0; Position:   4,3; Key:  4; Health: 100.0; Tile: ROAD
2018-05-25 01:29:53 INFO  Car - Speed:   2.3; Angle: 356.7; Position:   4,3; Key:  4; Health: 100.0; Tile: ROAD
2018-05-25 01:29:53 INFO  Car - Speed:   2.3; Angle:   0.0; Position:   4,3; Key:  4; Health: 100.0; Tile: ROAD
2018-05-25 01:29:53 INFO  Car - Speed:   2.3; Angle: 356.7; Position:   4,3; Key:  4; Health: 100.0; Tile: ROAD
2018-05-25 01:29:53 INFO  Car - Speed:   2.4; Angle:   0.0; Position:   4,3; Key:  4; Health: 100.0; Tile: ROAD
2018-05-25 01:29:53 INFO  Car - Speed:   2.4; Angle: 356.7; Position:   4,3; Key:  4; Health: 100.0; Tile: ROAD
2018-05-25 01:29:53 INFO  Car - Speed:   2.4; Angle:   0.0; Position:   4,3; Key:  4; Health: 100.0; Tile: ROAD
2018-05-25 01:29:53 INFO  Car - Speed:   2.5; Angle: 356.7; Position:   4,3; Key:  4; Health: 100.0; Tile: ROAD
2018-05-25 01:29:53 INFO  Car - Speed:   2.5; Angle:   0.0; Position:   4,3; Key:  4; Health: 100.0; Tile: ROAD
2018-05-25 01:29:53 INFO  Car - Speed:   2.5; Angle: 356.7; Position:   4,3; Key:  4; Health: 100.0; Tile: ROAD
2018-05-25 01:29:53 INFO  Car - Speed:   2.6; Angle:   0.0; Position:   4,3; Key:  4; Health: 100.0; Tile: ROAD
2018-05-25 01:29:53 INFO  Car - Speed:   2.6; Angle: 356.7; Position:   4,3; Key:  4; Health: 100.0; Tile: ROAD
2018-05-25 01:29:53 INFO  Car - Speed:   2.6; Angle:   0.0; Position:   4,3; Key:  4; Health: 100.0; Tile: ROAD
2018-05-25 01:29:53 INFO  Car - Speed:   2.7; Angle: 356.7; Position:   4,3; Key:  4; Health: 100.0; Tile: ROAD
2018-05-25 01:29:53 INFO  Car - Speed:   2.7; Angle:   0.0; Position:   4,3; Key:  4; Health: 100.0; Tile: ROAD
2018-05-25 01:29:53 INFO  Car - Speed:   2.7; Angle: 356.7; Position:   5,3; Key:  4; Health: 100.0; Tile: ROAD
2018-05-25 01:29:53 INFO  Car - Speed:   2.8; Angle:   0.0; Position:   5,3; Key:  4; Health: 100.0; Tile: ROAD
2018-05-25 01:29:53 INFO  Car - Speed:   2.8; Angle: 356.7; Position:   5,3; Key:  4; Health: 100.0; Tile: ROAD
2018-05-25 01:29:53 INFO  Car - Speed:   2.8; Angle:   0.0; Position:   5,3; Key:  4; Health: 100.0; Tile: ROAD
2018-05-25 01:29:53 INFO  Car - Speed:   2.9; Angle: 356.7; Position:   5,3; Key:  4; Health: 100.0; Tile: ROAD
2018-05-25 01:29:53 INFO  Car - Speed:   2.9; Angle:   0.0; Position:   5,3; Key:  4; Health: 100.0; Tile: ROAD
2018-05-25 01:29:53 INFO  Car - Speed:   2.9; Angle: 356.7; Position:   5,3; Key:  4; Health: 100.0; Tile: ROAD
2018-05-25 01:29:53 INFO  Car - Speed:   3.0; Angle:   0.0; Position:   5,3; Key:  4; Health: 100.0; Tile: ROAD
2018-05-25 01:29:53 INFO  Car - Speed:   3.0; Angle: 356.7; Position:   5,3; Key:  4; Health: 100.0; Tile: ROAD
2018-05-25 01:29:53 INFO  Car - Speed:   3.0; Angle: 356.7; Position:   5,3; Key:  4; Health: 100.0; Tile: ROAD
2018-05-25 01:29:54 INFO  Car - Speed:   3.0; Angle:   0.0; Position:   5,3; Key:  4; Health: 100.0; Tile: ROAD
2018-05-25 01:29:54 INFO  Car - Speed:   3.0; Angle:   0.0; Position:   5,3; Key:  4; Health: 100.0; Tile: ROAD
2018-05-25 01:29:54 INFO  Car - Speed:   3.0; Angle:   0.0; Position:   5,3; Key:  4; Health: 100.0; Tile: ROAD
2018-05-25 01:29:54 INFO  Car - Speed:   3.0; Angle:   0.0; Position:   5,3; Key:  4; Health: 100.0; Tile: ROAD
2018-05-25 01:29:54 INFO  Car - Speed:   3.0; Angle:   0.0; Position:   5,3; Key:  4; Health: 100.0; Tile: ROAD
2018-05-25 01:29:54 INFO  Car - Speed:   3.0; Angle:   0.0; Position:   6,3; Key:  4; Health: 100.0; Tile: ROAD
2018-05-25 01:29:54 INFO  Car - Speed:   3.0; Angle:   0.0; Position:   6,3; Key:  4; Health: 100.0; Tile: ROAD
2018-05-25 01:29:54 INFO  Car - Speed:   3.0; Angle:   3.3; Position:   6,3; Key:  4; Health: 100.0; Tile: ROAD
2018-05-25 01:29:54 INFO  Car - Speed:   3.0; Angle:   6.7; Position:   6,3; Key:  4; Health: 100.0; Tile: ROAD
2018-05-25 01:29:54 INFO  Car - Speed:   3.0; Angle:   6.7; Position:   6,3; Key:  4; Health: 100.0; Tile: ROAD
2018-05-25 01:29:54 INFO  Car - Speed:   3.0; Angle:  10.0; Position:   6,3; Key:  4; Health: 100.0; Tile: ROAD
2018-05-25 01:29:54 INFO  Car - Speed:   3.0; Angle:  10.0; Position:   6,3; Key:  4; Health: 100.0; Tile: ROAD
2018-05-25 01:29:54 INFO  Car - Speed:   3.0; Angle:  13.3; Position:   6,3; Key:  4; Health: 100.0; Tile: ROAD
2018-05-25 01:29:54 INFO  Car - Speed:   3.0; Angle:  13.3; Position:   6,3; Key:  4; Health: 100.0; Tile: ROAD
2018-05-25 01:29:54 INFO  Car - Speed:   3.0; Angle:  16.7; Position:   6,3; Key:  4; Health: 100.0; Tile: ROAD
2018-05-25 01:29:54 INFO  Car - Speed:   3.0; Angle:  20.0; Position:   6,3; Key:  4; Health: 100.0; Tile: ROAD
2018-05-25 01:29:54 INFO  Car - Speed:   3.0; Angle:  20.0; Position:   6,3; Key:  4; Health: 100.0; Tile: ROAD
2018-05-25 01:29:54 INFO  Car - Speed:   3.0; Angle:  23.3; Position:   6,3; Key:  4; Health: 100.0; Tile: ROAD
2018-05-25 01:29:54 INFO  Car - Speed:   3.0; Angle:  23.3; Position:   6,3; Key:  4; Health: 100.0; Tile: ROAD
2018-05-25 01:29:54 INFO  Car - Speed:   3.0; Angle:  26.7; Position:   6,3; Key:  4; Health: 100.0; Tile: ROAD
2018-05-25 01:29:54 INFO  Car - Speed:   3.0; Angle:  26.7; Position:   6,3; Key:  4; Health: 100.0; Tile: ROAD
2018-05-25 01:29:54 INFO  Car - Speed:   3.0; Angle:  30.0; Position:   7,3; Key:  4; Health: 100.0; Tile: ROAD
2018-05-25 01:29:54 INFO  Car - Speed:   3.0; Angle:  33.3; Position:   7,3; Key:  4; Health: 100.0; Tile: ROAD
2018-05-25 01:29:54 INFO  Car - Speed:   3.0; Angle:  33.3; Position:   7,3; Key:  4; Health: 100.0; Tile: ROAD
2018-05-25 01:29:54 INFO  Car - Speed:   3.0; Angle:  36.7; Position:   7,3; Key:  4; Health: 100.0; Tile: ROAD
2018-05-25 01:29:54 INFO  Car - Speed:   3.0; Angle:  36.7; Position:   7,3; Key:  4; Health: 100.0; Tile: ROAD
2018-05-25 01:29:54 INFO  Car - Speed:   3.0; Angle:  40.0; Position:   7,3; Key:  4; Health: 100.0; Tile: ROAD
2018-05-25 01:29:54 INFO  Car - Speed:   3.0; Angle:  40.0; Position:   7,3; Key:  4; Health: 100.0; Tile: ROAD
2018-05-25 01:29:54 INFO  Car - Speed:   3.0; Angle:  43.3; Position:   7,3; Key:  4; Health: 100.0; Tile: ROAD
2018-05-25 01:29:54 INFO  Car - Speed:   3.0; Angle:  46.7; Position:   7,4; Key:  4; Health: 100.0; Tile: ROAD
2018-05-25 01:29:54 INFO  Car - Speed:   3.0; Angle:  46.7; Position:   7,4; Key:  4; Health: 100.0; Tile: ROAD
2018-05-25 01:29:54 INFO  Car - Speed:   3.0; Angle:  50.0; Position:   7,4; Key:  4; Health: 100.0; Tile: ROAD
2018-05-25 01:29:54 INFO  Car - Speed:   3.0; Angle:  50.0; Position:   7,4; Key:  4; Health: 100.0; Tile: ROAD
2018-05-25 01:29:54 INFO  Car - Speed:   3.0; Angle:  53.3; Position:   7,4; Key:  4; Health: 100.0; Tile: ROAD
2018-05-25 01:29:54 INFO  Car - Speed:   3.0; Angle:  53.3; Position:   7,4; Key:  4; Health: 100.0; Tile: ROAD
2018-05-25 01:29:54 INFO  Car - Speed:   3.0; Angle:  56.7; Position:   7,4; Key:  4; Health: 100.0; Tile: ROAD
2018-05-25 01:29:54 INFO  Car - Speed:   3.0; Angle:  60.0; Position:   7,4; Key:  4; Health: 100.0; Tile: ROAD
2018-05-25 01:29:54 INFO  Car - Speed:   3.0; Angle:  60.0; Position:   7,4; Key:  4; Health: 100.0; Tile: ROAD
2018-05-25 01:29:54 INFO  Car - Speed:   3.0; Angle:  63.3; Position:   7,4; Key:  4; Health: 100.0; Tile: ROAD
2018-05-25 01:29:54 INFO  Car - Speed:   3.0; Angle:  63.3; Position:   7,4; Key:  4; Health: 100.0; Tile: ROAD
2018-05-25 01:29:54 INFO  Car - Speed:   3.0; Angle:  66.7; Position:   7,4; Key:  4; Health: 100.0; Tile: ROAD
2018-05-25 01:29:54 INFO  Car - Speed:   3.0; Angle:  66.7; Position:   7,4; Key:  4; Health: 100.0; Tile: ROAD
2018-05-25 01:29:54 INFO  Car - Speed:   3.0; Angle:  70.0; Position:   7,4; Key:  4; Health: 100.0; Tile: ROAD
2018-05-25 01:29:54 INFO  Car - Speed:   3.0; Angle:  73.3; Position:   7,4; Key:  4; Health: 100.0; Tile: ROAD
2018-05-25 01:29:54 INFO  Car - Speed:   3.0; Angle:  73.3; Position:   7,4; Key:  4; Health: 100.0; Tile: ROAD
2018-05-25 01:29:55 INFO  Car - Speed:   3.0; Angle:  76.7; Position:   7,4; Key:  4; Health: 100.0; Tile: ROAD
2018-05-25 01:29:55 INFO  Car - Speed:   3.0; Angle:  76.7; Position:   7,5; Key:  4; Health: 100.0; Tile: ROAD
2018-05-25 01:29:55 INFO  Car - Speed:   3.0; Angle:  80.0; Position:   7,5; Key:  4; Health: 100.0; Tile: ROAD
2018-05-25 01:29:55 INFO  Car - Speed:   3.0; Angle:  80.0; Position:   7,5; Key:  4; Health: 100.0; Tile: ROAD
2018-05-25 01:29:55 INFO  Car - Speed:   3.0; Angle:  83.3; Position:   7,5; Key:  4; Health: 100.0; Tile: ROAD
2018-05-25 01:29:55 INFO  Car - Speed:   3.0; Angle:  86.7; Position:   7,5; Key:  4; Health: 100.0; Tile: ROAD
2018-05-25 01:29:55 INFO  Car - Speed:   3.0; Angle:  86.7; Position:   7,5; Key:  4; Health: 100.0; Tile: ROAD
2018-05-25 01:29:55 INFO  Car - Speed:   3.0; Angle:  90.0; Position:   7,5; Key:  4; Health: 100.0; Tile: ROAD
2018-05-25 01:29:55 INFO  Car - Speed:   3.0; Angle:  90.0; Position:   7,5; Key:  4; Health: 100.0; Tile: ROAD
2018-05-25 01:29:55 INFO  Car - Speed:   3.0; Angle:  90.0; Position:   7,5; Key:  4; Health: 100.0; Tile: ROAD
2018-05-25 01:29:55 INFO  Car - Speed:   3.0; Angle:  90.0; Position:   7,5; Key:  4; Health: 100.0; Tile: ROAD
2018-05-25 01:29:55 INFO  Car - Speed:   3.0; Angle:  90.0; Position:   7,5; Key:  4; Health: 100.0; Tile: ROAD
2018-05-25 01:29:55 INFO  Car - Speed:   3.0; Angle:  90.0; Position:   7,5; Key:  4; Health: 100.0; Tile: ROAD
2018-05-25 01:29:55 INFO  Car - Speed:   3.0; Angle:  90.0; Position:   7,5; Key:  4; Health: 100.0; Tile: ROAD
2018-05-25 01:29:55 INFO  Car - Speed:   3.0; Angle:  90.0; Position:   7,5; Key:  4; Health: 100.0; Tile: ROAD
2018-05-25 01:29:55 INFO  Car - Speed:   3.0; Angle:  90.0; Position:   7,5; Key:  4; Health: 100.0; Tile: ROAD
2018-05-25 01:29:55 INFO  Car - Speed:   3.0; Angle:  90.0; Position:   7,6; Key:  4; Health: 100.0; Tile: ROAD
2018-05-25 01:29:55 INFO  Car - Speed:   3.0; Angle:  90.0; Position:   7,6; Key:  4; Health: 100.0; Tile: ROAD
2018-05-25 01:29:55 INFO  Car - Speed:   3.0; Angle:  90.0; Position:   7,6; Key:  4; Health: 100.0; Tile: ROAD
2018-05-25 01:29:55 INFO  Car - Speed:   3.0; Angle:  90.0; Position:   7,6; Key:  4; Health: 100.0; Tile: ROAD
2018-05-25 01:29:55 INFO  Car - Speed:   3.0; Angle:  90.0; Position:   7,6; Key:  4; Health: 100.0; Tile: ROAD
2018-05-25 01:29:55 INFO  Car - Speed:   3.0; Angle:  90.0; Position:   7,6; Key:  4; Health: 100.0; Tile: ROAD
2018-05-25 01:29:55 INFO  Car - Speed:   3.0; Angle:  90.0; Position:   7,6; Key:  4; Health: 100.0; Tile: ROAD
2018-05-25 01:29:55 INFO  Car - Speed:   3.0; Angle:  90.0; Position:   7,6; Key:  4; Health: 100.0; Tile: ROAD
2018-05-25 01:29:55 INFO  Car - Speed:   3.0; Angle:  90.0; Position:   7,6; Key:  4; Health: 100.0; Tile: ROAD
2018-05-25 01:29:55 INFO  Car - Speed:   3.0; Angle:  90.0; Position:   7,6; Key:  4; Health: 100.0; Tile: ROAD
2018-05-25 01:29:55 INFO  Car - Speed:   3.0; Angle:  90.0; Position:   7,6; Key:  4; Health: 100.0; Tile: ROAD
2018-05-25 01:29:55 INFO  Car - Speed:   3.0; Angle:  90.0; Position:   7,6; Key:  4; Health: 100.0; Tile: ROAD
2018-05-25 01:29:55 INFO  Car - Speed:   3.0; Angle:  90.0; Position:   7,6; Key:  4; Health: 100.0; Tile: ROAD
2018-05-25 01:29:55 INFO  Car - Speed:   3.0; Angle:  90.0; Position:   7,6; Key:  4; Health: 100.0; Tile: ROAD
2018-05-25 01:29:55 INFO  Car - Speed:   3.0; Angle:  90.0; Position:   7,6; Key:  4; Health: 100.0; Tile: ROAD
2018-05-25 01:29:55 INFO  Car - Speed:   3.0; Angle:  90.0; Position:   7,7; Key:  4; Health: 100.0; Tile: ROAD
2018-05-25 01:29:55 INFO  Car - Speed:   3.0; Angle:  90.0; Position:   7,7; Key:  4; Health: 100.0; Tile: ROAD
2018-05-25 01:29:55 INFO  Car - Speed:   3.0; Angle:  90.0; Position:   7,7; Key:  4; Health: 100.0; Tile: ROAD
2018-05-25 01:29:55 INFO  Car - Speed:   3.0; Angle:  90.0; Position:   7,7; Key:  4; Health: 100.0; Tile: ROAD
2018-05-25 01:29:55 INFO  Car - Speed:   3.0; Angle:  90.0; Position:   7,7; Key:  4; Health: 100.0; Tile: ROAD
2018-05-25 01:29:55 INFO  Car - Speed:   3.0; Angle:  90.0; Position:   7,7; Key:  4; Health: 100.0; Tile: ROAD
2018-05-25 01:29:55 INFO  Car - Speed:   3.0; Angle:  90.0; Position:   7,7; Key:  4; Health: 100.0; Tile: ROAD
2018-05-25 01:29:55 INFO  Car - Speed:   3.0; Angle:  90.0; Position:   7,7; Key:  4; Health: 100.0; Tile: ROAD
2018-05-25 01:29:55 INFO  Car - Speed:   3.0; Angle:  90.0; Position:   7,7; Key:  4; Health: 100.0; Tile: ROAD
2018-05-25 01:29:55 INFO  Car - Speed:   3.0; Angle:  90.0; Position:   7,7; Key:  4; Health: 100.0; Tile: ROAD
2018-05-25 01:29:55 INFO  Car - Speed:   3.0; Angle:  90.0; Position:   7,7; Key:  4; Health: 100.0; Tile: ROAD
2018-05-25 01:29:55 INFO  Car - Speed:   3.0; Angle:  90.0; Position:   7,7; Key:  4; Health: 100.0; Tile: ROAD
2018-05-25 01:29:55 INFO  Car - Speed:   3.0; Angle:  90.0; Position:   7,7; Key:  4; Health: 100.0; Tile: ROAD
2018-05-25 01:29:55 INFO  Car - Speed:   3.0; Angle:  90.0; Position:   7,7; Key:  4; Health: 100.0; Tile: ROAD
2018-05-25 01:29:56 INFO  Car - Speed:   3.0; Angle:  90.0; Position:   7,7; Key:  4; Health: 100.0; Tile: ROAD
2018-05-25 01:29:56 INFO  Car - Speed:   3.0; Angle:  90.0; Position:   7,8; Key:  4; Health: 100.0; Tile: ROAD
2018-05-25 01:29:56 INFO  Car - Speed:   3.0; Angle:  90.0; Position:   7,8; Key:  4; Health: 100.0; Tile: ROAD
2018-05-25 01:29:56 INFO  Car - Speed:   3.0; Angle:  90.0; Position:   7,8; Key:  4; Health: 100.0; Tile: ROAD
2018-05-25 01:29:56 INFO  Car - Speed:   3.0; Angle:  90.0; Position:   7,8; Key:  4; Health: 100.0; Tile: ROAD
2018-05-25 01:29:56 INFO  Car - Speed:   3.0; Angle:  90.0; Position:   7,8; Key:  4; Health: 100.0; Tile: ROAD
2018-05-25 01:29:56 INFO  Car - Speed:   3.0; Angle:  90.0; Position:   7,8; Key:  4; Health: 100.0; Tile: ROAD
2018-05-25 01:29:56 INFO  Car - Speed:   3.0; Angle:  90.0; Position:   7,8; Key:  4; Health: 100.0; Tile: ROAD
2018-05-25 01:29:56 INFO  Car - Speed:   3.0; Angle:  90.0; Position:   7,8; Key:  4; Health: 100.0; Tile: ROAD
2018-05-25 01:29:56 INFO  Car - Speed:   3.0; Angle:  90.0; Position:   7,8; Key:  4; Health: 100.0; Tile: ROAD
2018-05-25 01:29:56 INFO  Car - Speed:   3.0; Angle:  90.0; Position:   7,8; Key:  4; Health: 100.0; Tile: ROAD
2018-05-25 01:29:56 INFO  Car - Speed:   3.0; Angle:  90.0; Position:   7,8; Key:  4; Health: 100.0; Tile: ROAD
2018-05-25 01:29:56 INFO  Car - Speed:   3.0; Angle:  90.0; Position:   7,8; Key:  4; Health: 100.0; Tile: ROAD
2018-05-25 01:29:56 INFO  Car - Speed:   3.0; Angle:  90.0; Position:   7,8; Key:  4; Health: 100.0; Tile: ROAD
2018-05-25 01:29:56 INFO  Car - Speed:   3.0; Angle:  90.0; Position:   7,8; Key:  4; Health: 100.0; Tile: ROAD
2018-05-25 01:29:56 INFO  Car - Speed:   3.0; Angle:  90.0; Position:   7,8; Key:  4; Health: 100.0; Tile: ROAD
2018-05-25 01:29:56 INFO  Car - Speed:   3.0; Angle:  90.0; Position:   7,9; Key:  4; Health: 100.0; Tile: ROAD
2018-05-25 01:29:56 INFO  Car - Speed:   3.0; Angle:  90.0; Position:   7,9; Key:  4; Health: 100.0; Tile: ROAD
2018-05-25 01:29:56 INFO  Car - Speed:   3.0; Angle:  90.0; Position:   7,9; Key:  4; Health: 100.0; Tile: ROAD
2018-05-25 01:29:56 INFO  Car - Speed:   3.0; Angle:  90.0; Position:   7,9; Key:  4; Health: 100.0; Tile: ROAD
2018-05-25 01:29:56 INFO  Car - Speed:   3.0; Angle:  90.0; Position:   7,9; Key:  4; Health: 100.0; Tile: ROAD
2018-05-25 01:29:56 INFO  Car - Speed:   3.0; Angle:  90.0; Position:   7,9; Key:  4; Health: 100.0; Tile: ROAD
2018-05-25 01:29:56 INFO  Car - Speed:   3.0; Angle:  90.0; Position:   7,9; Key:  4; Health: 100.0; Tile: ROAD
2018-05-25 01:29:56 INFO  Car - Speed:   3.0; Angle:  90.0; Position:   7,9; Key:  4; Health: 100.0; Tile: ROAD
2018-05-25 01:29:56 INFO  Car - Speed:   3.0; Angle:  90.0; Position:   7,9; Key:  4; Health: 100.0; Tile: ROAD
2018-05-25 01:29:56 INFO  Car - Speed:   3.0; Angle:  90.0; Position:   7,9; Key:  4; Health: 100.0; Tile: ROAD
2018-05-25 01:29:56 INFO  Car - Speed:   3.0; Angle:  90.0; Position:   7,9; Key:  4; Health: 100.0; Tile: ROAD
2018-05-25 01:29:56 INFO  Car - Speed:   3.0; Angle:  90.0; Position:   7,9; Key:  4; Health: 100.0; Tile: ROAD
2018-05-25 01:29:56 INFO  Car - Speed:   3.0; Angle:  90.0; Position:   7,9; Key:  4; Health: 100.0; Tile: ROAD
2018-05-25 01:29:56 INFO  Car - Speed:   3.0; Angle:  90.0; Position:   7,9; Key:  4; Health: 100.0; Tile: ROAD
2018-05-25 01:29:56 INFO  Car - Speed:   3.0; Angle:  90.0; Position:   7,9; Key:  4; Health: 100.0; Tile: ROAD
2018-05-25 01:29:56 INFO  Car - Speed:   3.0; Angle:  90.0; Position:  7,10; Key:  4; Health: 100.0; Tile: ROAD
2018-05-25 01:29:56 INFO  Car - Speed:   3.0; Angle:  90.0; Position:  7,10; Key:  4; Health: 100.0; Tile: ROAD
2018-05-25 01:29:56 INFO  Car - Speed:   3.0; Angle:  90.0; Position:  7,10; Key:  4; Health: 100.0; Tile: ROAD
2018-05-25 01:29:56 INFO  Car - Speed:   3.0; Angle:  90.0; Position:  7,10; Key:  4; Health: 100.0; Tile: ROAD
2018-05-25 01:29:56 INFO  Car - Speed:   3.0; Angle:  90.0; Position:  7,10; Key:  4; Health: 100.0; Tile: ROAD
2018-05-25 01:29:56 INFO  Car - Speed:   3.0; Angle:  90.0; Position:  7,10; Key:  4; Health: 100.0; Tile: ROAD
2018-05-25 01:29:56 INFO  Car - Speed:   3.0; Angle:  90.0; Position:  7,10; Key:  4; Health: 100.0; Tile: ROAD
2018-05-25 01:29:56 INFO  Car - Speed:   3.0; Angle:  90.0; Position:  7,10; Key:  4; Health: 100.0; Tile: ROAD
2018-05-25 01:29:56 INFO  Car - Speed:   3.0; Angle:  90.0; Position:  7,10; Key:  4; Health: 100.0; Tile: ROAD
2018-05-25 01:29:56 INFO  Car - Speed:   3.0; Angle:  90.0; Position:  7,10; Key:  4; Health: 100.0; Tile: ROAD
2018-05-25 01:29:56 INFO  Car - Speed:   3.0; Angle:  90.0; Position:  7,10; Key:  4; Health: 100.0; Tile: ROAD
2018-05-25 01:29:56 INFO  Car - Speed:   3.0; Angle:  90.0; Position:  7,10; Key:  4; Health: 100.0; Tile: ROAD
2018-05-25 01:29:56 INFO  Car - Speed:   3.0; Angle:  90.0; Position:  7,10; Key:  4; Health: 100.0; Tile: ROAD
2018-05-25 01:29:56 INFO  Car - Speed:   3.0; Angle:  90.0; Position:  7,10; Key:  4; Health: 100.0; Tile: ROAD
2018-05-25 01:29:57 INFO  Car - Speed:   3.0; Angle:  90.0; Position:  7,10; Key:  4; Health: 100.0; Tile: ROAD
2018-05-25 01:29:57 INFO  Car - Speed:   3.0; Angle:  90.0; Position:  7,11; Key:  4; Health: 100.0; Tile: ROAD
2018-05-25 01:29:57 INFO  Car - Speed:   3.0; Angle:  90.0; Position:  7,11; Key:  4; Health: 100.0; Tile: ROAD
2018-05-25 01:29:57 INFO  Car - Speed:   3.0; Angle:  90.0; Position:  7,11; Key:  4; Health: 100.0; Tile: ROAD
2018-05-25 01:29:57 INFO  Car - Speed:   3.0; Angle:  90.0; Position:  7,11; Key:  4; Health: 100.0; Tile: ROAD
2018-05-25 01:29:57 INFO  Car - Speed:   3.0; Angle:  90.0; Position:  7,11; Key:  4; Health: 100.0; Tile: ROAD
2018-05-25 01:29:57 INFO  Car - Speed:   3.0; Angle:  90.0; Position:  7,11; Key:  4; Health: 100.0; Tile: ROAD
2018-05-25 01:29:57 INFO  Car - Speed:   3.0; Angle:  90.0; Position:  7,11; Key:  4; Health: 100.0; Tile: ROAD
2018-05-25 01:29:57 INFO  Car - Speed:   3.0; Angle:  90.0; Position:  7,11; Key:  4; Health: 100.0; Tile: ROAD
2018-05-25 01:29:57 INFO  Car - Speed:   3.0; Angle:  90.0; Position:  7,11; Key:  4; Health: 100.0; Tile: ROAD
2018-05-25 01:29:57 INFO  Car - Speed:   3.0; Angle:  90.0; Position:  7,11; Key:  4; Health: 100.0; Tile: ROAD
2018-05-25 01:29:57 INFO  Car - Speed:   3.0; Angle:  90.0; Position:  7,11; Key:  4; Health: 100.0; Tile: ROAD
2018-05-25 01:29:57 INFO  Car - Speed:   3.0; Angle:  90.0; Position:  7,11; Key:  4; Health: 100.0; Tile: ROAD
2018-05-25 01:29:57 INFO  Car - Speed:   3.0; Angle:  90.0; Position:  7,11; Key:  4; Health: 100.0; Tile: ROAD
2018-05-25 01:29:57 INFO  Car - Speed:   3.0; Angle:  90.0; Position:  7,11; Key:  4; Health: 100.0; Tile: ROAD
2018-05-25 01:29:57 INFO  Car - Speed:   3.0; Angle:  90.0; Position:  7,11; Key:  4; Health: 100.0; Tile: ROAD
2018-05-25 01:29:57 INFO  Car - Speed:   3.0; Angle:  90.0; Position:  7,12; Key:  4; Health: 100.0; Tile: ROAD
2018-05-25 01:29:57 INFO  Car - Speed:   3.0; Angle:  90.0; Position:  7,12; Key:  4; Health: 100.0; Tile: ROAD
2018-05-25 01:29:57 INFO  Car - Speed:   3.0; Angle:  90.0; Position:  7,12; Key:  4; Health: 100.0; Tile: ROAD
2018-05-25 01:29:57 INFO  Car - Speed:   3.0; Angle:  90.0; Position:  7,12; Key:  4; Health: 100.0; Tile: ROAD
2018-05-25 01:29:57 INFO  Car - Speed:   3.0; Angle:  90.0; Position:  7,12; Key:  4; Health: 100.0; Tile: ROAD
2018-05-25 01:29:57 INFO  Car - Speed:   3.0; Angle:  90.0; Position:  7,12; Key:  4; Health: 100.0; Tile: ROAD
2018-05-25 01:29:57 INFO  Car - Speed:   3.0; Angle:  90.0; Position:  7,12; Key:  4; Health: 100.0; Tile: ROAD
2018-05-25 01:29:57 INFO  Car - Speed:   3.0; Angle:  90.0; Position:  7,12; Key:  4; Health: 100.0; Tile: ROAD
2018-05-25 01:29:57 INFO  Car - Speed:   3.0; Angle:  90.0; Position:  7,12; Key:  4; Health: 100.0; Tile: ROAD
2018-05-25 01:29:57 INFO  Car - Speed:   3.0; Angle:  90.0; Position:  7,12; Key:  4; Health: 100.0; Tile: ROAD
2018-05-25 01:29:57 INFO  Car - Speed:   3.0; Angle:  90.0; Position:  7,12; Key:  4; Health: 100.0; Tile: ROAD
2018-05-25 01:29:57 INFO  Car - Speed:   3.0; Angle:  90.0; Position:  7,12; Key:  4; Health: 100.0; Tile: ROAD
2018-05-25 01:29:57 INFO  Car - Speed:   3.0; Angle:  90.0; Position:  7,12; Key:  4; Health: 100.0; Tile: ROAD
2018-05-25 01:29:57 INFO  Car - Speed:   3.0; Angle:  90.0; Position:  7,12; Key:  4; Health: 100.0; Tile: ROAD
2018-05-25 01:29:57 INFO  Car - Speed:   3.0; Angle:  90.0; Position:  7,12; Key:  4; Health: 100.0; Tile: ROAD
2018-05-25 01:29:57 INFO  Car - Speed:   3.0; Angle:  90.0; Position:  7,13; Key:  4; Health: 100.0; Tile: ROAD
2018-05-25 01:29:57 INFO  Car - Speed:   3.0; Angle:  90.0; Position:  7,13; Key:  4; Health: 100.0; Tile: ROAD
2018-05-25 01:29:57 INFO  Car - Speed:   3.0; Angle:  93.3; Position:  7,13; Key:  4; Health: 100.0; Tile: ROAD
2018-05-25 01:29:57 INFO  Car - Speed:   3.0; Angle:  93.3; Position:  7,13; Key:  4; Health: 100.0; Tile: ROAD
2018-05-25 01:29:57 INFO  Car - Speed:   3.0; Angle:  96.7; Position:  7,13; Key:  4; Health: 100.0; Tile: ROAD
2018-05-25 01:29:57 INFO  Car - Speed:   3.0; Angle: 100.0; Position:  7,13; Key:  4; Health: 100.0; Tile: ROAD
2018-05-25 01:29:57 INFO  Car - Speed:   3.0; Angle: 100.0; Position:  7,13; Key:  4; Health: 100.0; Tile: ROAD
2018-05-25 01:29:57 INFO  Car - Speed:   3.0; Angle: 103.3; Position:  7,13; Key:  4; Health: 100.0; Tile: ROAD
2018-05-25 01:29:57 INFO  Car - Speed:   3.0; Angle: 103.3; Position:  7,13; Key:  4; Health: 100.0; Tile: ROAD
2018-05-25 01:29:57 INFO  Car - Speed:   3.0; Angle: 106.7; Position:  7,13; Key:  4; Health: 100.0; Tile: ROAD
2018-05-25 01:29:57 INFO  Car - Speed:   3.0; Angle: 106.7; Position:  7,13; Key:  4; Health: 100.0; Tile: ROAD
2018-05-25 01:29:57 INFO  Car - Speed:   3.0; Angle: 110.0; Position:  7,13; Key:  4; Health: 100.0; Tile: ROAD
2018-05-25 01:29:57 INFO  Car - Speed:   3.0; Angle: 113.3; Position:  7,13; Key:  4; Health: 100.0; Tile: ROAD
2018-05-25 01:29:57 INFO  Car - Speed:   3.0; Angle: 113.3; Position:  7,13; Key:  4; Health: 100.0; Tile: ROAD
2018-05-25 01:29:58 INFO  Car - Speed:   3.0; Angle: 116.7; Position:  7,13; Key:  4; Health: 100.0; Tile: ROAD
2018-05-25 01:29:58 INFO  Car - Speed:   3.0; Angle: 116.7; Position:  7,13; Key:  4; Health: 100.0; Tile: ROAD
2018-05-25 01:29:58 INFO  Car - Speed:   3.0; Angle: 120.0; Position:  7,14; Key:  4; Health: 100.0; Tile: ROAD
2018-05-25 01:29:58 INFO  Car - Speed:   3.0; Angle: 120.0; Position:  7,14; Key:  4; Health: 100.0; Tile: ROAD
2018-05-25 01:29:58 INFO  Car - Speed:   3.0; Angle: 123.3; Position:  7,14; Key:  4; Health: 100.0; Tile: ROAD
2018-05-25 01:29:58 INFO  Car - Speed:   3.0; Angle: 126.7; Position:  7,14; Key:  4; Health: 100.0; Tile: ROAD
2018-05-25 01:29:58 INFO  Car - Speed:   3.0; Angle: 126.7; Position:  7,14; Key:  4; Health: 100.0; Tile: ROAD
2018-05-25 01:29:58 INFO  Car - Speed:   3.0; Angle: 130.0; Position:  7,14; Key:  4; Health: 100.0; Tile: ROAD
2018-05-25 01:29:58 INFO  Car - Speed:   3.0; Angle: 130.0; Position:  7,14; Key:  4; Health: 100.0; Tile: ROAD
2018-05-25 01:29:58 INFO  Car - Speed:   3.0; Angle: 133.3; Position:  7,14; Key:  4; Health: 100.0; Tile: ROAD
2018-05-25 01:29:58 INFO  Car - Speed:   3.0; Angle: 133.3; Position:  7,14; Key:  4; Health: 100.0; Tile: ROAD
2018-05-25 01:29:58 INFO  Car - Speed:   3.0; Angle: 136.7; Position:  7,14; Key:  4; Health: 100.0; Tile: ROAD
2018-05-25 01:29:58 INFO  Car - Speed:   3.0; Angle: 140.0; Position:  7,14; Key:  4; Health: 100.0; Tile: ROAD
2018-05-25 01:29:58 INFO  Car - Speed:   3.0; Angle: 140.0; Position:  7,14; Key:  4; Health: 100.0; Tile: ROAD
2018-05-25 01:29:58 INFO  Car - Speed:   3.0; Angle: 143.3; Position:  7,14; Key:  4; Health: 100.0; Tile: ROAD
2018-05-25 01:29:58 INFO  Car - Speed:   3.0; Angle: 143.3; Position:  7,14; Key:  4; Health: 100.0; Tile: ROAD
2018-05-25 01:29:58 INFO  Car - Speed:   3.0; Angle: 146.7; Position:  7,14; Key:  4; Health: 100.0; Tile: ROAD
2018-05-25 01:29:58 INFO  Car - Speed:   3.0; Angle: 146.7; Position:  7,14; Key:  4; Health: 100.0; Tile: ROAD
2018-05-25 01:29:58 INFO  Car - Speed:   3.0; Angle: 150.0; Position:  6,14; Key:  4; Health: 100.0; Tile: ROAD
2018-05-25 01:29:58 INFO  Car - Speed:   3.0; Angle: 153.3; Position:  6,14; Key:  4; Health: 100.0; Tile: ROAD
2018-05-25 01:29:58 INFO  Car - Speed:   3.0; Angle: 153.3; Position:  6,14; Key:  4; Health: 100.0; Tile: ROAD
2018-05-25 01:29:58 INFO  Car - Speed:   3.0; Angle: 156.7; Position:  6,14; Key:  4; Health: 100.0; Tile: ROAD
2018-05-25 01:29:58 INFO  Car - Speed:   3.0; Angle: 156.7; Position:  6,14; Key:  4; Health: 100.0; Tile: ROAD
2018-05-25 01:29:58 INFO  Car - Speed:   3.0; Angle: 160.0; Position:  6,14; Key:  4; Health: 100.0; Tile: ROAD
2018-05-25 01:29:58 INFO  Car - Speed:   3.0; Angle: 160.0; Position:  6,14; Key:  4; Health: 100.0; Tile: ROAD
2018-05-25 01:29:58 INFO  Car - Speed:   3.0; Angle: 163.3; Position:  6,14; Key:  4; Health: 100.0; Tile: ROAD
2018-05-25 01:29:58 INFO  Car - Speed:   3.0; Angle: 166.7; Position:  6,14; Key:  4; Health: 100.0; Tile: ROAD
2018-05-25 01:29:58 INFO  Car - Speed:   3.0; Angle: 166.7; Position:  6,14; Key:  4; Health: 100.0; Tile: ROAD
2018-05-25 01:29:58 INFO  Car - Speed:   3.0; Angle: 170.0; Position:  6,14; Key:  4; Health: 100.0; Tile: ROAD
2018-05-25 01:29:58 INFO  Car - Speed:   3.0; Angle: 170.0; Position:  6,15; Key:  4; Health: 100.0; Tile: ROAD
2018-05-25 01:29:58 INFO  Car - Speed:   3.0; Angle: 173.3; Position:  6,15; Key:  4; Health: 100.0; Tile: ROAD
2018-05-25 01:29:58 INFO  Car - Speed:   3.0; Angle: 173.3; Position:  6,15; Key:  4; Health: 100.0; Tile: ROAD
2018-05-25 01:29:58 INFO  Car - Speed:   3.0; Angle: 176.7; Position:  6,15; Key:  4; Health: 100.0; Tile: ROAD
2018-05-25 01:29:58 INFO  Car - Speed:   3.0; Angle: 180.0; Position:  6,15; Key:  4; Health: 100.0; Tile: ROAD
2018-05-25 01:29:58 INFO  Car - Speed:   3.0; Angle: 180.0; Position:  5,15; Key:  4; Health: 100.0; Tile: ROAD
2018-05-25 01:29:58 INFO  Car - Speed:   3.0; Angle: 180.0; Position:  5,15; Key:  4; Health: 100.0; Tile: ROAD
2018-05-25 01:29:58 INFO  Car - Speed:   3.0; Angle: 183.3; Position:  5,15; Key:  4; Health: 100.0; Tile: ROAD
2018-05-25 01:29:58 INFO  Car - Speed:   3.0; Angle: 183.3; Position:  5,15; Key:  4; Health: 100.0; Tile: ROAD
2018-05-25 01:29:58 INFO  Car - Speed:   3.0; Angle: 186.7; Position:  5,15; Key:  4; Health: 100.0; Tile: ROAD
2018-05-25 01:29:58 INFO  Car - Speed:   3.0; Angle: 186.7; Position:  5,15; Key:  4; Health: 100.0; Tile: ROAD
2018-05-25 01:29:58 INFO  Car - Speed:   3.0; Angle: 190.0; Position:  5,14; Key:  4; Health: 100.0; Tile: ROAD
2018-05-25 01:29:58 INFO  Car - Speed:   3.0; Angle: 186.7; Position:  5,14; Key:  4; Health: 100.0; Tile: ROAD
2018-05-25 01:29:58 INFO  Car - Speed:   3.0; Angle: 186.7; Position:  5,14; Key:  4; Health: 100.0; Tile: ROAD
2018-05-25 01:29:58 INFO  Car - Speed:   3.0; Angle: 183.3; Position:  5,14; Key:  4; Health: 100.0; Tile: ROAD
2018-05-25 01:29:58 INFO  Car - Speed:   3.0; Angle: 183.3; Position:  5,14; Key:  4; Health: 100.0; Tile: ROAD
2018-05-25 01:29:59 INFO  Car - Speed:   3.0; Angle: 180.0; Position:  5,14; Key:  4; Health: 100.0; Tile: ROAD
2018-05-25 01:29:59 INFO  Car - Speed:   3.0; Angle: 180.0; Position:  5,14; Key:  4; Health: 100.0; Tile: ROAD
2018-05-25 01:29:59 INFO  Car - Speed:   3.0; Angle: 180.0; Position:  5,14; Key:  4; Health: 100.0; Tile: ROAD
2018-05-25 01:29:59 INFO  Car - Speed:   3.0; Angle: 180.0; Position:  5,14; Key:  4; Health: 100.0; Tile: ROAD
2018-05-25 01:29:59 INFO  Car - Speed:   3.0; Angle: 180.0; Position:  4,14; Key:  4; Health: 100.0; Tile: ROAD
2018-05-25 01:29:59 INFO  Car - Speed:   3.0; Angle: 180.0; Position:  4,14; Key:  4; Health: 100.0; Tile: ROAD
2018-05-25 01:29:59 INFO  Car - Speed:   3.0; Angle: 183.3; Position:  4,14; Key:  4; Health: 100.0; Tile: ROAD
2018-05-25 01:29:59 INFO  Car - Speed:   3.0; Angle: 186.7; Position:  4,14; Key:  4; Health: 100.0; Tile: ROAD
2018-05-25 01:29:59 INFO  Car - Speed:   3.0; Angle: 186.7; Position:  4,14; Key:  4; Health: 100.0; Tile: ROAD
2018-05-25 01:29:59 INFO  Car - Speed:   3.0; Angle: 190.0; Position:  4,14; Key:  4; Health: 100.0; Tile: ROAD
2018-05-25 01:29:59 INFO  Car - Speed:   3.0; Angle: 190.0; Position:  4,14; Key:  4; Health: 100.0; Tile: ROAD
2018-05-25 01:29:59 INFO  Car - Speed:   3.0; Angle: 193.3; Position:  4,14; Key:  4; Health: 100.0; Tile: ROAD
2018-05-25 01:29:59 INFO  Car - Speed:   3.0; Angle: 193.3; Position:  4,14; Key:  4; Health: 100.0; Tile: ROAD
2018-05-25 01:29:59 INFO  Car - Speed:   3.0; Angle: 196.7; Position:  4,14; Key:  4; Health: 100.0; Tile: ROAD
2018-05-25 01:29:59 INFO  Car - Speed:   3.0; Angle: 200.0; Position:  4,14; Key:  4; Health: 100.0; Tile: ROAD
2018-05-25 01:29:59 INFO  Car - Speed:   3.0; Angle: 200.0; Position:  4,14; Key:  4; Health: 100.0; Tile: ROAD
2018-05-25 01:29:59 INFO  Car - Speed:   3.0; Angle: 203.3; Position:  4,14; Key:  4; Health: 100.0; Tile: ROAD
2018-05-25 01:29:59 INFO  Car - Speed:   3.0; Angle: 203.3; Position:  4,14; Key:  4; Health: 100.0; Tile: ROAD
2018-05-25 01:29:59 INFO  Car - Speed:   3.0; Angle: 206.7; Position:  4,14; Key:  4; Health: 100.0; Tile: ROAD
2018-05-25 01:29:59 INFO  Car - Speed:   3.0; Angle: 206.7; Position:  4,14; Key:  4; Health: 100.0; Tile: ROAD
2018-05-25 01:29:59 INFO  Car - Speed:   3.0; Angle: 210.0; Position:  3,14; Key:  4; Health: 100.0; Tile: ROAD
2018-05-25 01:29:59 INFO  Car - Speed:   3.0; Angle: 213.3; Position:  3,14; Key:  4; Health: 100.0; Tile: ROAD
2018-05-25 01:29:59 INFO  Car - Speed:   3.0; Angle: 213.3; Position:  3,14; Key:  4; Health: 100.0; Tile: ROAD
2018-05-25 01:29:59 INFO  Car - Speed:   3.0; Angle: 216.7; Position:  3,14; Key:  4; Health: 100.0; Tile: ROAD
2018-05-25 01:29:59 INFO  Car - Speed:   3.0; Angle: 216.7; Position:  3,14; Key:  4; Health: 100.0; Tile: ROAD
2018-05-25 01:29:59 INFO  Car - Speed:   3.0; Angle: 220.0; Position:  3,14; Key:  4; Health: 100.0; Tile: ROAD
2018-05-25 01:29:59 INFO  Car - Speed:   3.0; Angle: 220.0; Position:  3,14; Key:  4; Health: 100.0; Tile: ROAD
2018-05-25 01:29:59 INFO  Car - Speed:   3.0; Angle: 223.3; Position:  3,14; Key:  4; Health: 100.0; Tile: ROAD
2018-05-25 01:29:59 INFO  Car - Speed:   3.0; Angle: 226.7; Position:  3,14; Key:  4; Health: 100.0; Tile: ROAD
2018-05-25 01:29:59 INFO  Car - Speed:   3.0; Angle: 226.7; Position:  3,14; Key:  4; Health: 100.0; Tile: ROAD
2018-05-25 01:29:59 INFO  Car - Speed:   3.0; Angle: 230.0; Position:  3,14; Key:  4; Health: 100.0; Tile: ROAD
2018-05-25 01:29:59 INFO  Car - Speed:   3.0; Angle: 230.0; Position:  3,14; Key:  4; Health: 100.0; Tile: ROAD
2018-05-25 01:29:59 INFO  Car - Speed:   3.0; Angle: 233.3; Position:  3,14; Key:  4; Health: 100.0; Tile: ROAD
2018-05-25 01:29:59 INFO  Car - Speed:   3.0; Angle: 233.3; Position:  3,14; Key:  4; Health: 100.0; Tile: ROAD
2018-05-25 01:29:59 INFO  Car - Speed:   3.0; Angle: 236.7; Position:  3,14; Key:  4; Health: 100.0; Tile: ROAD
2018-05-25 01:29:59 INFO  Car - Speed:   3.0; Angle: 240.0; Position:  3,13; Key:  4; Health: 100.0; Tile: ROAD
2018-05-25 01:29:59 INFO  Car - Speed:   3.0; Angle: 240.0; Position:  3,13; Key:  4; Health: 100.0; Tile: ROAD
2018-05-25 01:29:59 INFO  Car - Speed:   3.0; Angle: 243.3; Position:  3,13; Key:  4; Health: 100.0; Tile: ROAD
2018-05-25 01:29:59 INFO  Car - Speed:   3.0; Angle: 243.3; Position:  3,13; Key:  4; Health: 100.0; Tile: ROAD
2018-05-25 01:29:59 INFO  Car - Speed:   3.0; Angle: 246.7; Position:  3,13; Key:  4; Health: 100.0; Tile: ROAD
2018-05-25 01:29:59 INFO  Car - Speed:   3.0; Angle: 246.7; Position:  3,13; Key:  4; Health: 100.0; Tile: ROAD
2018-05-25 01:29:59 INFO  Car - Speed:   3.0; Angle: 250.0; Position:  3,13; Key:  4; Health: 100.0; Tile: ROAD
2018-05-25 01:29:59 INFO  Car - Speed:   3.0; Angle: 253.3; Position:  3,13; Key:  4; Health: 100.0; Tile: ROAD
2018-05-25 01:29:59 INFO  Car - Speed:   3.0; Angle: 253.3; Position:  3,13; Key:  4; Health: 100.0; Tile: ROAD
2018-05-25 01:29:59 INFO  Car - Speed:   3.0; Angle: 256.7; Position:  3,13; Key:  4; Health: 100.0; Tile: ROAD
2018-05-25 01:30:00 INFO  Car - Speed:   3.0; Angle: 256.7; Position:  3,13; Key:  4; Health: 100.0; Tile: ROAD
2018-05-25 01:30:00 INFO  Car - Speed:   3.0; Angle: 260.0; Position:  3,13; Key:  4; Health: 100.0; Tile: ROAD
2018-05-25 01:30:00 INFO  Car - Speed:   3.0; Angle: 260.0; Position:  2,13; Key:  4; Health: 100.0; Tile: ROAD
2018-05-25 01:30:00 INFO  Car - Speed:   3.0; Angle: 263.3; Position:  2,13; Key:  4; Health: 100.0; Tile: ROAD
2018-05-25 01:30:00 INFO  Car - Speed:   3.0; Angle: 266.7; Position:  2,13; Key:  4; Health: 100.0; Tile: ROAD
2018-05-25 01:30:00 INFO  Car - Speed:   3.0; Angle: 266.7; Position:  2,13; Key:  4; Health: 100.0; Tile: ROAD
2018-05-25 01:30:00 INFO  Car - Speed:   3.0; Angle: 270.0; Position:  2,12; Key:  4; Health: 100.0; Tile: TRAP(lava)
2018-05-25 01:30:00 INFO  Car - Speed:   3.0; Angle: 270.0; Position:  2,12; Key:  4; Health:  99.6; Tile: TRAP(lava)
2018-05-25 01:30:00 INFO  Car - Speed:   3.0; Angle: 273.3; Position:  2,12; Key:  4; Health:  99.1; Tile: TRAP(lava)
2018-05-25 01:30:00 INFO  Car - Speed:   3.0; Angle: 273.3; Position:  2,12; Key:  4; Health:  98.7; Tile: TRAP(lava)
2018-05-25 01:30:00 INFO  Car - Speed:   3.0; Angle: 270.0; Position:  2,12; Key:  4; Health:  98.2; Tile: TRAP(lava)
2018-05-25 01:30:00 INFO  Car - Speed:   3.0; Angle: 273.3; Position:  2,12; Key:  4; Health:  97.8; Tile: TRAP(lava)
2018-05-25 01:30:00 INFO  Car - Speed:   3.0; Angle: 273.3; Position:  2,12; Key:  4; Health:  97.3; Tile: TRAP(lava)
2018-05-25 01:30:00 INFO  Car - Speed:   3.0; Angle: 270.0; Position:  2,12; Key:  4; Health:  96.9; Tile: TRAP(lava)
2018-05-25 01:30:00 INFO  Car - Speed:   3.0; Angle: 270.0; Position:  2,12; Key:  4; Health:  96.4; Tile: TRAP(lava)
2018-05-25 01:30:00 INFO  Car - Speed:   3.0; Angle: 273.3; Position:  2,12; Key:  4; Health:  96.0; Tile: TRAP(lava)
2018-05-25 01:30:00 INFO  Car - Speed:   3.0; Angle: 273.3; Position:  3,12; Key:  4; Health:  95.6; Tile: TRAP(lava)
2018-05-25 01:30:00 INFO  Car - Speed:   3.0; Angle: 270.0; Position:  3,12; Key:  4; Health:  95.1; Tile: TRAP(lava)
2018-05-25 01:30:00 INFO  Car - Speed:   3.0; Angle: 273.3; Position:  3,12; Key:  4; Health:  94.7; Tile: TRAP(lava)
2018-05-25 01:30:00 INFO  Car - Speed:   3.0; Angle: 273.3; Position:  3,12; Key:  4; Health:  94.2; Tile: TRAP(lava)
2018-05-25 01:30:00 INFO  Car - Speed:   3.0; Angle: 270.0; Position:  3,12; Key:  4; Health:  93.8; Tile: TRAP(lava)
2018-05-25 01:30:00 INFO  Car - Speed:   3.0; Angle: 270.0; Position:  3,11; Key:  4; Health:  93.3; Tile: TRAP(lava)
2018-05-25 01:30:00 INFO  Car - Speed:   3.0; Angle: 273.3; Position:  3,11; Key:  4; Health:  92.9; Tile: TRAP(lava)
2018-05-25 01:30:00 INFO  Car - Speed:   3.0; Angle: 273.3; Position:  3,11; Key:  4; Health:  92.4; Tile: TRAP(lava)
2018-05-25 01:30:00 INFO  Car - Speed:   3.0; Angle: 270.0; Position:  3,11; Key:  4; Health:  92.0; Tile: TRAP(lava)
2018-05-25 01:30:00 INFO  Car - Speed:   3.0; Angle: 273.3; Position:  3,11; Key:  4; Health:  91.6; Tile: TRAP(lava)
2018-05-25 01:30:00 INFO  Car - Speed:   3.0; Angle: 273.3; Position:  3,11; Key:  4; Health:  91.1; Tile: TRAP(lava)
2018-05-25 01:30:00 INFO  Car - Speed:   3.0; Angle: 270.0; Position:  3,11; Key:  4; Health:  90.7; Tile: TRAP(lava)
2018-05-25 01:30:00 INFO  Car - Speed:   3.0; Angle: 270.0; Position:  3,11; Key:  4; Health:  90.2; Tile: TRAP(lava)
2018-05-25 01:30:00 INFO  Car - Speed:   3.0; Angle: 273.3; Position:  3,11; Key:  4; Health:  89.8; Tile: TRAP(lava)
2018-05-25 01:30:00 INFO  Car - Speed:   3.0; Angle: 273.3; Position:  3,11; Key:  4; Health:  89.3; Tile: TRAP(lava)
2018-05-25 01:30:00 INFO  Car - Speed:   3.0; Angle: 270.0; Position:  3,11; Key:  4; Health:  88.9; Tile: TRAP(lava)
2018-05-25 01:30:00 INFO  Car - Speed:   3.0; Angle: 273.3; Position:  3,11; Key:  4; Health:  88.4; Tile: TRAP(lava)
2018-05-25 01:30:00 INFO  Car - Speed:   3.0; Angle: 273.3; Position:  3,11; Key:  4; Health:  88.0; Tile: TRAP(lava)
2018-05-25 01:30:00 INFO  Car - Speed:   3.0; Angle: 270.0; Position:  3,11; Key:  4; Health:  87.6; Tile: TRAP(lava)
2018-05-25 01:30:00 INFO  Car - Speed:   3.0; Angle: 270.0; Position:  3,11; Key:  4; Health:  87.1; Tile: TRAP(lava)
2018-05-25 01:30:00 INFO  Car - Speed:   3.0; Angle: 273.3; Position:  3,10; Key:  4; Health:  86.7; Tile: TRAP(health)
2018-05-25 01:30:00 INFO  Car - Speed:   3.0; Angle: 273.3; Position:  3,10; Key:  4; Health:  86.8; Tile: TRAP(health)
2018-05-25 01:30:00 INFO  Car - Speed:   3.0; Angle: 270.0; Position:  3,10; Key:  4; Health:  86.9; Tile: TRAP(health)
2018-05-25 01:30:00 INFO  Car - Speed:   3.0; Angle: 273.3; Position:  3,10; Key:  4; Health:  87.0; Tile: TRAP(health)
2018-05-25 01:30:00 INFO  Car - Speed:   3.0; Angle: 273.3; Position:  3,10; Key:  4; Health:  87.1; Tile: TRAP(health)
2018-05-25 01:30:00 INFO  Car - Speed:   3.0; Angle: 270.0; Position:  3,10; Key:  4; Health:  87.2; Tile: TRAP(health)
2018-05-25 01:30:00 INFO  Car - Speed:   3.0; Angle: 270.0; Position:  3,10; Key:  4; Health:  87.3; Tile: TRAP(health)
2018-05-25 01:30:00 INFO  Car - Speed:   3.0; Angle: 273.3; Position:  3,10; Key:  4; Health:  87.4; Tile: TRAP(health)
2018-05-25 01:30:00 INFO  Car - Speed:   3.0; Angle: 273.3; Position:  3,10; Key:  4; Health:  87.6; Tile: TRAP(health)
2018-05-25 01:30:01 INFO  Car - Speed:   3.0; Angle: 270.0; Position:  3,10; Key:  4; Health:  87.7; Tile: TRAP(health)
2018-05-25 01:30:01 INFO  Car - Speed:   3.0; Angle: 273.3; Position:  3,10; Key:  4; Health:  87.8; Tile: TRAP(health)
2018-05-25 01:30:01 INFO  Car - Speed:   3.0; Angle: 273.3; Position:  3,10; Key:  4; Health:  87.9; Tile: TRAP(health)
2018-05-25 01:30:01 INFO  Car - Speed:   3.0; Angle: 270.0; Position:  3,10; Key:  4; Health:  88.0; Tile: TRAP(health)
2018-05-25 01:30:01 INFO  Car - Speed:   3.0; Angle: 270.0; Position:  3,10; Key:  4; Health:  88.1; Tile: TRAP(health)
2018-05-25 01:30:01 INFO  Car - Speed:   3.0; Angle: 273.3; Position:  3,10; Key:  4; Health:  88.2; Tile: TRAP(health)
2018-05-25 01:30:01 INFO  Car - Speed:   3.0; Angle: 273.3; Position:   3,9; Key:  4; Health:  88.3; Tile: TRAP(health)
2018-05-25 01:30:01 INFO  Car - Speed:   3.0; Angle: 270.0; Position:   3,9; Key:  4; Health:  88.4; Tile: TRAP(health)
2018-05-25 01:30:01 INFO  Car - Speed:   3.0; Angle: 273.3; Position:   3,9; Key:  4; Health:  88.6; Tile: TRAP(health)
2018-05-25 01:30:01 INFO  Car - Speed:   3.0; Angle: 273.3; Position:   3,9; Key:  4; Health:  88.7; Tile: TRAP(health)
2018-05-25 01:30:01 INFO  Car - Speed:   3.0; Angle: 270.0; Position:   3,9; Key:  4; Health:  88.8; Tile: TRAP(health)
2018-05-25 01:30:01 INFO  Car - Speed:   3.0; Angle: 270.0; Position:   3,9; Key:  4; Health:  88.9; Tile: TRAP(health)
2018-05-25 01:30:01 INFO  Car - Speed:   3.0; Angle: 273.3; Position:   3,9; Key:  4; Health:  89.0; Tile: TRAP(health)
2018-05-25 01:30:01 INFO  Car - Speed:   3.0; Angle: 273.3; Position:   3,9; Key:  4; Health:  89.1; Tile: TRAP(health)
2018-05-25 01:30:01 INFO  Car - Speed:   3.0; Angle: 270.0; Position:   3,9; Key:  4; Health:  89.2; Tile: TRAP(health)
2018-05-25 01:30:01 INFO  Car - Speed:   3.0; Angle: 273.3; Position:   3,9; Key:  4; Health:  89.3; Tile: TRAP(health)
2018-05-25 01:30:01 INFO  Car - Speed:   3.0; Angle: 273.3; Position:   3,9; Key:  4; Health:  89.4; Tile: TRAP(health)
2018-05-25 01:30:01 INFO  Car - Speed:   3.0; Angle: 270.0; Position:   3,9; Key:  4; Health:  89.6; Tile: TRAP(health)
2018-05-25 01:30:01 INFO  Car - Speed:   3.0; Angle: 270.0; Position:   3,9; Key:  4; Health:  89.7; Tile: TRAP(health)
2018-05-25 01:30:01 INFO  Car - Speed:   3.0; Angle: 273.3; Position:   3,9; Key:  4; Health:  89.8; Tile: TRAP(health)
2018-05-25 01:30:01 INFO  Car - Speed:   3.0; Angle: 273.3; Position:   3,9; Key:  4; Health:  89.9; Tile: TRAP(health)
2018-05-25 01:30:01 INFO  Car - Speed:   3.0; Angle: 270.0; Position:   3,8; Key:  4; Health:  90.0; Tile: TRAP(health)
2018-05-25 01:30:01 INFO  Car - Speed:   3.0; Angle: 273.3; Position:   3,8; Key:  4; Health:  90.1; Tile: TRAP(health)
2018-05-25 01:30:01 INFO  Car - Speed:   3.0; Angle: 273.3; Position:   3,8; Key:  4; Health:  90.2; Tile: TRAP(health)
2018-05-25 01:30:01 INFO  Car - Speed:   3.0; Angle: 270.0; Position:   3,8; Key:  4; Health:  90.3; Tile: TRAP(health)
2018-05-25 01:30:01 INFO  Car - Speed:   3.0; Angle: 270.0; Position:   3,8; Key:  4; Health:  90.4; Tile: TRAP(health)
2018-05-25 01:30:01 INFO  Car - Speed:   3.0; Angle: 273.3; Position:   3,8; Key:  4; Health:  90.6; Tile: TRAP(health)
2018-05-25 01:30:01 INFO  Car - Speed:   3.0; Angle: 273.3; Position:   3,8; Key:  4; Health:  90.7; Tile: TRAP(health)
2018-05-25 01:30:01 INFO  Car - Speed:   3.0; Angle: 270.0; Position:   3,8; Key:  4; Health:  90.8; Tile: TRAP(health)
2018-05-25 01:30:01 INFO  Car - Speed:   3.0; Angle: 273.3; Position:   3,8; Key:  4; Health:  90.9; Tile: TRAP(health)
2018-05-25 01:30:01 INFO  Car - Speed:   3.0; Angle: 273.3; Position:   3,8; Key:  4; Health:  91.0; Tile: TRAP(health)
2018-05-25 01:30:01 INFO  Car - Speed:   3.0; Angle: 270.0; Position:   3,8; Key:  4; Health:  91.1; Tile: TRAP(health)
2018-05-25 01:30:01 INFO  Car - Speed:   3.0; Angle: 270.0; Position:   3,8; Key:  4; Health:  91.2; Tile: TRAP(health)
2018-05-25 01:30:01 INFO  Car - Speed:   3.0; Angle: 273.3; Position:   3,8; Key:  4; Health:  91.3; Tile: TRAP(health)
2018-05-25 01:30:01 INFO  Car - Speed:   3.0; Angle: 273.3; Position:   3,8; Key:  4; Health:  91.4; Tile: TRAP(health)
2018-05-25 01:30:01 INFO  Car - Speed:   3.0; Angle: 270.0; Position:   3,8; Key:  4; Health:  91.6; Tile: TRAP(health)
2018-05-25 01:30:01 INFO  Car - Speed:   3.0; Angle: 273.3; Position:   3,7; Key:  4; Health:  91.7; Tile: TRAP(health)
2018-05-25 01:30:01 INFO  Car - Speed:   2.5; Angle: 273.3; Position:   3,7; Key:  4; Health:  91.8; Tile: TRAP(health)
2018-05-25 01:30:01 INFO  Car - Speed:   2.5; Angle: 273.3; Position:   3,7; Key:  4; Health:  91.9; Tile: TRAP(health)
2018-05-25 01:30:01 INFO  Car - Speed:   2.5; Angle: 273.3; Position:   3,7; Key:  4; Health:  92.0; Tile: TRAP(health)
2018-05-25 01:30:01 INFO  Car - Speed:   2.5; Angle: 273.3; Position:   3,7; Key:  4; Health:  92.1; Tile: TRAP(health)
2018-05-25 01:30:01 INFO  Car - Speed:   2.5; Angle: 273.3; Position:   3,7; Key:  4; Health:  92.2; Tile: TRAP(health)
2018-05-25 01:30:01 INFO  Car - Speed:   2.5; Angle: 273.3; Position:   3,7; Key:  4; Health:  92.3; Tile: TRAP(health)
2018-05-25 01:30:01 INFO  Car - Speed:   2.5; Angle: 273.3; Position:   3,7; Key:  4; Health:  92.4; Tile: TRAP(health)
2018-05-25 01:30:01 INFO  Car - Speed:   2.5; Angle: 273.3; Position:   3,7; Key:  4; Health:  92.6; Tile: TRAP(health)
2018-05-25 01:30:02 INFO  Car - Speed:   0.0; Angle: 273.3; Position:   3,7; Key:  4; Health:  92.6; Tile: TRAP(health)
2018-05-25 01:30:02 INFO  Car - Speed:   0.0; Angle: 273.3; Position:   3,7; Key:  4; Health:  92.7; Tile: TRAP(health)
2018-05-25 01:30:02 INFO  Car - Speed:   0.1; Angle: 270.0; Position:   3,7; Key:  4; Health:  92.8; Tile: TRAP(health)
2018-05-25 01:30:02 INFO  Car - Speed:   0.1; Angle: 266.7; Position:   3,7; Key:  4; Health:  92.9; Tile: TRAP(health)
2018-05-25 01:30:02 INFO  Car - Speed:   0.1; Angle: 263.3; Position:   3,7; Key:  4; Health:  93.0; Tile: TRAP(health)
2018-05-25 01:30:02 INFO  Car - Speed:   0.2; Angle: 260.0; Position:   3,7; Key:  4; Health:  93.1; Tile: TRAP(health)
2018-05-25 01:30:02 INFO  Car - Speed:   0.2; Angle: 256.7; Position:   3,7; Key:  4; Health:  93.2; Tile: TRAP(health)
2018-05-25 01:30:02 INFO  Car - Speed:   0.2; Angle: 253.3; Position:   3,7; Key:  4; Health:  93.3; Tile: TRAP(health)
2018-05-25 01:30:02 INFO  Car - Speed:   0.3; Angle: 250.0; Position:   3,7; Key:  4; Health:  93.4; Tile: TRAP(health)
2018-05-25 01:30:02 INFO  Car - Speed:   0.3; Angle: 246.7; Position:   3,7; Key:  4; Health:  93.6; Tile: TRAP(health)
2018-05-25 01:30:02 INFO  Car - Speed:   0.3; Angle: 243.3; Position:   3,7; Key:  4; Health:  93.7; Tile: TRAP(health)
2018-05-25 01:30:02 INFO  Car - Speed:   0.4; Angle: 240.0; Position:   3,7; Key:  4; Health:  93.8; Tile: TRAP(health)
2018-05-25 01:30:02 INFO  Car - Speed:   0.0; Angle: 236.7; Position:   3,7; Key:  4; Health:  93.8; Tile: TRAP(health)
2018-05-25 01:30:02 INFO  Car - Speed:   0.0; Angle: 236.7; Position:   3,7; Key:  4; Health:  93.9; Tile: TRAP(health)
2018-05-25 01:30:02 INFO  Car - Speed:   0.1; Angle: 233.3; Position:   3,7; Key:  4; Health:  94.0; Tile: TRAP(health)
2018-05-25 01:30:02 INFO  Car - Speed:   0.1; Angle: 230.0; Position:   3,7; Key:  4; Health:  94.1; Tile: TRAP(health)
2018-05-25 01:30:02 INFO  Car - Speed:   0.0; Angle: 226.7; Position:   3,7; Key:  4; Health:  94.1; Tile: TRAP(health)
2018-05-25 01:30:02 INFO  Car - Speed:   0.0; Angle: 226.7; Position:   3,7; Key:  4; Health:  94.1; Tile: TRAP(health)
2018-05-25 01:30:02 INFO  Car - Speed:   0.0; Angle: 226.7; Position:   3,7; Key:  4; Health:  94.1; Tile: TRAP(health)
2018-05-25 01:30:02 INFO  Car - Speed:   0.0; Angle: 226.7; Position:   3,7; Key:  4; Health:  94.1; Tile: TRAP(health)
2018-05-25 01:30:02 INFO  Car - Speed:   0.0; Angle: 226.7; Position:   3,7; Key:  4; Health:  94.1; Tile: TRAP(health)
2018-05-25 01:30:02 INFO  Car - Speed:   0.0; Angle: 226.7; Position:   3,7; Key:  4; Health:  94.1; Tile: TRAP(health)
2018-05-25 01:30:02 INFO  Car - Speed:   0.0; Angle: 226.7; Position:   3,7; Key:  4; Health:  94.1; Tile: TRAP(health)
2018-05-25 01:30:02 INFO  Car - Speed:   0.0; Angle: 226.7; Position:   3,7; Key:  4; Health:  94.1; Tile: TRAP(health)
2018-05-25 01:30:02 INFO  Car - Speed:   0.0; Angle: 226.7; Position:   3,7; Key:  4; Health:  94.1; Tile: TRAP(health)
2018-05-25 01:30:02 INFO  Car - Speed:   0.0; Angle: 226.7; Position:   3,7; Key:  4; Health:  94.1; Tile: TRAP(health)
2018-05-25 01:30:02 INFO  Car - Speed:   0.0; Angle: 226.7; Position:   3,7; Key:  4; Health:  94.1; Tile: TRAP(health)
2018-05-25 01:30:02 INFO  Car - Speed:   0.0; Angle: 226.7; Position:   3,7; Key:  4; Health:  94.1; Tile: TRAP(health)
2018-05-25 01:30:02 INFO  Car - Speed:   0.0; Angle: 226.7; Position:   3,7; Key:  4; Health:  94.1; Tile: TRAP(health)
2018-05-25 01:30:02 INFO  Car - Speed:   0.0; Angle: 226.7; Position:   3,7; Key:  4; Health:  94.1; Tile: TRAP(health)
2018-05-25 01:30:02 INFO  Car - Speed:   0.0; Angle: 226.7; Position:   3,7; Key:  4; Health:  94.1; Tile: TRAP(health)
2018-05-25 01:30:02 INFO  Car - Speed:   0.0; Angle: 226.7; Position:   3,7; Key:  4; Health:  94.1; Tile: TRAP(health)
2018-05-25 01:30:02 INFO  Car - Speed:   0.0; Angle: 226.7; Position:   3,7; Key:  4; Health:  94.1; Tile: TRAP(health)
2018-05-25 01:30:02 INFO  Car - Speed:   0.0; Angle: 226.7; Position:   3,7; Key:  4; Health:  94.1; Tile: TRAP(health)
2018-05-25 01:30:02 INFO  Car - Speed:   0.0; Angle: 226.7; Position:   3,7; Key:  4; Health:  94.1; Tile: TRAP(health)
2018-05-25 01:30:02 INFO  Car - Speed:   0.0; Angle: 226.7; Position:   3,7; Key:  4; Health:  94.1; Tile: TRAP(health)
2018-05-25 01:30:02 INFO  Car - Speed:   0.0; Angle: 226.7; Position:   3,7; Key:  4; Health:  94.1; Tile: TRAP(health)
2018-05-25 01:30:02 INFO  Car - Speed:   0.0; Angle: 226.7; Position:   3,7; Key:  4; Health:  94.1; Tile: TRAP(health)
2018-05-25 01:30:02 INFO  Car - Speed:   0.0; Angle: 226.7; Position:   3,7; Key:  4; Health:  94.1; Tile: TRAP(health)
2018-05-25 01:30:02 INFO  Car - Speed:   0.0; Angle: 226.7; Position:   3,7; Key:  4; Health:  94.1; Tile: TRAP(health)
2018-05-25 01:30:02 INFO  Car - Speed:   0.0; Angle: 226.7; Position:   3,7; Key:  4; Health:  94.1; Tile: TRAP(health)
2018-05-25 01:30:02 INFO  Car - Speed:   0.0; Angle: 226.7; Position:   3,7; Key:  4; Health:  94.1; Tile: TRAP(health)
2018-05-25 01:30:02 INFO  Car - Speed:   0.0; Angle: 226.7; Position:   3,7; Key:  4; Health:  94.1; Tile: TRAP(health)
2018-05-25 01:30:02 INFO  Car - Speed:   0.0; Angle: 226.7; Position:   3,7; Key:  4; Health:  94.1; Tile: TRAP(health)
2018-05-25 01:30:02 INFO  Car - Speed:   0.0; Angle: 226.7; Position:   3,7; Key:  4; Health:  94.1; Tile: TRAP(health)
2018-05-25 01:30:03 INFO  Car - Speed:   0.0; Angle: 226.7; Position:   3,7; Key:  4; Health:  94.1; Tile: TRAP(health)
2018-05-25 01:30:03 INFO  Car - Speed:   0.0; Angle: 226.7; Position:   3,7; Key:  4; Health:  94.1; Tile: TRAP(health)
2018-05-25 01:30:03 INFO  Car - Speed:   0.0; Angle: 226.7; Position:   3,7; Key:  4; Health:  94.1; Tile: TRAP(health)
2018-05-25 01:30:03 INFO  Car - Speed:   0.0; Angle: 226.7; Position:   3,7; Key:  4; Health:  94.1; Tile: TRAP(health)
2018-05-25 01:30:03 INFO  Car - Speed:   0.0; Angle: 226.7; Position:   3,7; Key:  4; Health:  94.1; Tile: TRAP(health)
2018-05-25 01:30:03 INFO  Car - Speed:   0.0; Angle: 226.7; Position:   3,7; Key:  4; Health:  94.1; Tile: TRAP(health)
2018-05-25 01:30:03 INFO  Car - Speed:   0.0; Angle: 226.7; Position:   3,7; Key:  4; Health:  94.1; Tile: TRAP(health)
2018-05-25 01:30:03 INFO  Car - Speed:   0.0; Angle: 226.7; Position:   3,7; Key:  4; Health:  94.1; Tile: TRAP(health)
2018-05-25 01:30:03 INFO  Car - Speed:   0.0; Angle: 226.7; Position:   3,7; Key:  4; Health:  94.1; Tile: TRAP(health)
2018-05-25 01:30:03 INFO  Car - Speed:   0.0; Angle: 226.7; Position:   3,7; Key:  4; Health:  94.1; Tile: TRAP(health)
2018-05-25 01:30:03 INFO  Car - Speed:   0.0; Angle: 226.7; Position:   3,7; Key:  4; Health:  94.1; Tile: TRAP(health)
2018-05-25 01:30:03 INFO  Car - Speed:   0.0; Angle: 226.7; Position:   3,7; Key:  4; Health:  94.1; Tile: TRAP(health)
2018-05-25 01:30:03 INFO  Car - Speed:   0.0; Angle: 226.7; Position:   3,7; Key:  4; Health:  94.1; Tile: TRAP(health)
2018-05-25 01:30:03 INFO  Car - Speed:   0.0; Angle: 226.7; Position:   3,7; Key:  4; Health:  94.1; Tile: TRAP(health)
2018-05-25 01:30:03 INFO  Car - Speed:   0.0; Angle: 226.7; Position:   3,7; Key:  4; Health:  94.1; Tile: TRAP(health)
2018-05-25 01:30:03 INFO  Car - Speed:   0.0; Angle: 226.7; Position:   3,7; Key:  4; Health:  94.1; Tile: TRAP(health)
2018-05-25 01:30:03 INFO  Car - Speed:   0.0; Angle: 226.7; Position:   3,7; Key:  4; Health:  94.1; Tile: TRAP(health)
2018-05-25 01:30:03 INFO  Car - Speed:   0.0; Angle: 226.7; Position:   3,7; Key:  4; Health:  94.1; Tile: TRAP(health)
2018-05-25 01:30:03 INFO  Car - Speed:   0.0; Angle: 226.7; Position:   3,7; Key:  4; Health:  94.1; Tile: TRAP(health)
2018-05-25 01:30:03 INFO  Car - Speed:   0.0; Angle: 226.7; Position:   3,7; Key:  4; Health:  94.1; Tile: TRAP(health)
2018-05-25 01:30:03 INFO  Car - Speed:   0.0; Angle: 226.7; Position:   3,7; Key:  4; Health:  94.1; Tile: TRAP(health)
2018-05-25 01:30:03 INFO  Car - Speed:   0.0; Angle: 226.7; Position:   3,7; Key:  4; Health:  94.1; Tile: TRAP(health)
2018-05-25 01:30:03 INFO  Car - Speed:   0.0; Angle: 226.7; Position:   3,7; Key:  4; Health:  94.1; Tile: TRAP(health)
2018-05-25 01:30:03 INFO  Car - Speed:   0.0; Angle: 226.7; Position:   3,7; Key:  4; Health:  94.1; Tile: TRAP(health)
2018-05-25 01:30:03 INFO  Car - Speed:   0.0; Angle: 226.7; Position:   3,7; Key:  4; Health:  94.1; Tile: TRAP(health)
2018-05-25 01:30:03 INFO  Car - Speed:   0.0; Angle: 226.7; Position:   3,7; Key:  4; Health:  94.1; Tile: TRAP(health)
2018-05-25 01:30:03 INFO  Car - Speed:   0.0; Angle: 226.7; Position:   3,7; Key:  4; Health:  94.1; Tile: TRAP(health)
2018-05-25 01:30:03 INFO  Car - Speed:   0.0; Angle: 226.7; Position:   3,7; Key:  4; Health:  94.1; Tile: TRAP(health)
2018-05-25 01:30:03 INFO  Car - Speed:   0.0; Angle: 226.7; Position:   3,7; Key:  4; Health:  94.1; Tile: TRAP(health)
2018-05-25 01:30:03 INFO  Car - Speed:   0.0; Angle: 226.7; Position:   3,7; Key:  4; Health:  94.1; Tile: TRAP(health)
2018-05-25 01:30:03 INFO  Car - Speed:   0.0; Angle: 226.7; Position:   3,7; Key:  4; Health:  94.1; Tile: TRAP(health)
2018-05-25 01:30:03 INFO  Car - Speed:   0.0; Angle: 226.7; Position:   3,7; Key:  4; Health:  94.1; Tile: TRAP(health)
2018-05-25 01:30:03 INFO  Car - Speed:   0.0; Angle: 226.7; Position:   3,7; Key:  4; Health:  94.1; Tile: TRAP(health)
2018-05-25 01:30:03 INFO  Car - Speed:   0.0; Angle: 226.7; Position:   3,7; Key:  4; Health:  94.1; Tile: TRAP(health)
2018-05-25 01:30:03 INFO  Car - Speed:   0.0; Angle: 226.7; Position:   3,7; Key:  4; Health:  94.1; Tile: TRAP(health)
2018-05-25 01:30:03 INFO  Car - Speed:   0.0; Angle: 226.7; Position:   3,7; Key:  4; Health:  94.1; Tile: TRAP(health)
2018-05-25 01:30:03 INFO  Car - Speed:   0.0; Angle: 226.7; Position:   3,7; Key:  4; Health:  94.1; Tile: TRAP(health)
2018-05-25 01:30:03 INFO  Car - Speed:   0.0; Angle: 226.7; Position:   3,7; Key:  4; Health:  94.1; Tile: TRAP(health)
2018-05-25 01:30:03 INFO  Car - Speed:   0.0; Angle: 226.7; Position:   3,7; Key:  4; Health:  94.1; Tile: TRAP(health)
